<?xml version="1.0" encoding="UTF-8"?>
<!-- Generated by org.testng.reporters.JUnitXMLReporter -->
<testsuite hostname="SIPL-39" ignored="0" name="Command line test" tests="1" failures="1" timestamp="31 May 2019 09:42:54 GMT" time="0.053" errors="0">
  <testcase name="TC_04_Login" time="0.0" classname="com.tourisz.Test.Login_Test">
    <failure type="org.testng.TestNGException" message="
Parameter &amp;apos;tcID&amp;apos; is required by @Test on method TC_04_Login but has not been marked @Optional or defined
">
      <![CDATA[org.testng.TestNGException: 
Parameter 'tcID' is required by @Test on method TC_04_Login but has not been marked @Optional or defined

... Removed 32 stack frames]]>
    </failure>
  </testcase> <!-- TC_04_Login -->
</testsuite> <!-- Command line test -->
