<?xml version="1.0" encoding="UTF-8"?>
<!-- Generated by org.testng.reporters.JUnitXMLReporter -->
<testsuite hostname="SIPL-144" ignored="0" name="Command line test 184f697a-7f83-4167-ab3b-a6ed01843909" tests="1" failures="1" timestamp="06 Feb 2019 09:00:53 GMT" time="14.371" errors="0">
  <testcase name="TC_001" time="14.363" classname="com.talentric.Test.Login_Test">
    <failure type="java.lang.Error" message="Unresolved compilation problem: 
	Syntax error, insert &amp;quot;;&amp;quot; to complete Statement
">
      <![CDATA[java.lang.Error: Unresolved compilation problem: 
Syntax error, insert ";" to complete Statement

at com.talentric.Flows.LoginFlow.Login(LoginFlow.java:31)
at com.talentric.Test.Login_Test.TC_001(Login_Test.java:29)
at java.util.concurrent.FutureTask.run(Unknown Source)
at java.util.concurrent.ThreadPoolExecutor.runWorker(Unknown Source)
at java.util.concurrent.ThreadPoolExecutor$Worker.run(Unknown Source)
at java.lang.Thread.run(Unknown Source)
... Removed 16 stack frames]]>
    </failure>
  </testcase> <!-- TC_001 -->
</testsuite> <!-- Command line test 184f697a-7f83-4167-ab3b-a6ed01843909 -->
