<?xml version="1.0" encoding="UTF-8"?>
<testng-results skipped="0" failed="0" ignored="0" total="1" passed="1">
  <reporter-output>
  </reporter-output>
  <suite name="Main Test Suite" duration-ms="69559" started-at="2019-06-13T08:37:32Z" finished-at="2019-06-13T08:38:41Z">
    <groups>
    </groups>
    <test name="Reliance" duration-ms="69559" started-at="2019-06-13T08:37:32Z" finished-at="2019-06-13T08:38:41Z">
      <class name="com.tourisz.Utilities.Create_TestNGXML">
        <test-method status="PASS" signature="createXMLfile()[pri:0, instance:com.tourisz.Utilities.Create_TestNGXML@2ac273d3]" name="createXMLfile" duration-ms="69454" started-at="2019-06-13T08:37:32Z" finished-at="2019-06-13T08:38:41Z">
          <reporter-output>
          </reporter-output>
        </test-method> <!-- createXMLfile -->
      </class> <!-- com.tourisz.Utilities.Create_TestNGXML -->
    </test> <!-- Reliance -->
  </suite> <!-- Main Test Suite -->
</testng-results>
